2020-03-25T08:17:51+00:00 CRITICAL Uncaught InvalidArgumentException: View [sections.section-brans-denemeleri] not found. in /opt/lampp/htdocs/websiteler/pruvaakademi.com/wp-content/themes/prv/vendor/illuminate/view/FileViewFinder.php:137
Stack trace:
#0 /opt/lampp/htdocs/websiteler/pruvaakademi.com/wp-content/themes/prv/vendor/illuminate/view/FileViewFinder.php(79): Illuminate\View\FileViewFinder->findInPaths('sections.sectio...', Array)
#1 /opt/lampp/htdocs/websiteler/pruvaakademi.com/wp-content/themes/prv/vendor/illuminate/view/Factory.php(128): Illuminate\View\FileViewFinder->find('sections.sectio...')
#2 /opt/lampp/htdocs/websiteler/pruvaakademi.com/wp-content/uploads/cache/19c8fa033c40307ece1232eb4ea795dcd211a5c8.php(6): Illuminate\View\Factory->make('sections.sectio...', Array)
#3 /opt/lampp/htdocs/websiteler/pruvaakademi.com/wp-content/themes/prv/vendor/illuminate/view/Engines/PhpEngine.php(43): include('/opt/lampp/htdo...')
#4 /opt/lampp/htdocs/websiteler/pruvaakademi.com/wp-content/themes/prv/vendor/illuminate/view/Engines/CompilerEn in /opt/lampp/htdocs/websiteler/pruvaakademi.com/wp-content/themes/prv/vendor/illuminate/view/FileViewFinder.php on line 137

2020-03-25T08:17:59+00:00 CRITICAL Uncaught InvalidArgumentException: View [sections.section-brans-denemeleri] not found. in /opt/lampp/htdocs/websiteler/pruvaakademi.com/wp-content/themes/prv/vendor/illuminate/view/FileViewFinder.php:137
Stack trace:
#0 /opt/lampp/htdocs/websiteler/pruvaakademi.com/wp-content/themes/prv/vendor/illuminate/view/FileViewFinder.php(79): Illuminate\View\FileViewFinder->findInPaths('sections.sectio...', Array)
#1 /opt/lampp/htdocs/websiteler/pruvaakademi.com/wp-content/themes/prv/vendor/illuminate/view/Factory.php(128): Illuminate\View\FileViewFinder->find('sections.sectio...')
#2 /opt/lampp/htdocs/websiteler/pruvaakademi.com/wp-content/uploads/cache/19c8fa033c40307ece1232eb4ea795dcd211a5c8.php(6): Illuminate\View\Factory->make('sections.sectio...', Array)
#3 /opt/lampp/htdocs/websiteler/pruvaakademi.com/wp-content/themes/prv/vendor/illuminate/view/Engines/PhpEngine.php(43): include('/opt/lampp/htdo...')
#4 /opt/lampp/htdocs/websiteler/pruvaakademi.com/wp-content/themes/prv/vendor/illuminate/view/Engines/CompilerEn in /opt/lampp/htdocs/websiteler/pruvaakademi.com/wp-content/themes/prv/vendor/illuminate/view/FileViewFinder.php on line 137

2020-03-25T10:11:16+00:00 CRITICAL /opt/lampp/htdocs/websiteler/pruvaakademi.com/wp-content/uploads/cache/13d6bc33d1985f0b01d039876a8b2a863e2a4875.php dosyasında 7 numaralı satırda Uncaught Symfony\Component\Debug\Exception\FatalThrowableError: syntax error, unexpected 'if' (T_IF) in /opt/lampp/htdocs/websiteler/pruvaakademi.com/wp-content/uploads/cache/13d6bc33d1985f0b01d039876a8b2a863e2a4875.php:7
Stack trace:
#0 /opt/lampp/htdocs/websiteler/pruvaakademi.com/wp-content/themes/prv/vendor/illuminate/view/Engines/CompilerEngine.php(59): Illuminate\View\Engines\PhpEngine->evaluatePath('/opt/lampp/htdo...', Array)
#1 /opt/lampp/htdocs/websiteler/pruvaakademi.com/wp-content/themes/prv/vendor/illuminate/view/View.php(142): Illuminate\View\Engines\CompilerEngine->get('/opt/lampp/htdo...', Array)
#2 /opt/lampp/htdocs/websiteler/pruvaakademi.com/wp-content/themes/prv/vendor/illuminate/view/View.php(125): Illuminate\View\View->getContents()
#3 /opt/lampp/htdocs/websiteler/pruvaakademi.com/wp-content/themes/prv/vendor/illuminate/view/View.php(90): Illuminate\View\View->renderContents()
#4 /opt/lampp/htdocs/websiteler/pruvaakademi.com/wp-content/uploads/cache/393d8b23486f46470f946a599ce0a9bc482673

2020-03-25T10:11:20+00:00 CRITICAL /opt/lampp/htdocs/websiteler/pruvaakademi.com/wp-content/uploads/cache/13d6bc33d1985f0b01d039876a8b2a863e2a4875.php dosyasında 7 numaralı satırda Uncaught Symfony\Component\Debug\Exception\FatalThrowableError: syntax error, unexpected 'if' (T_IF) in /opt/lampp/htdocs/websiteler/pruvaakademi.com/wp-content/uploads/cache/13d6bc33d1985f0b01d039876a8b2a863e2a4875.php:7
Stack trace:
#0 /opt/lampp/htdocs/websiteler/pruvaakademi.com/wp-content/themes/prv/vendor/illuminate/view/Engines/CompilerEngine.php(59): Illuminate\View\Engines\PhpEngine->evaluatePath('/opt/lampp/htdo...', Array)
#1 /opt/lampp/htdocs/websiteler/pruvaakademi.com/wp-content/themes/prv/vendor/illuminate/view/View.php(142): Illuminate\View\Engines\CompilerEngine->get('/opt/lampp/htdo...', Array)
#2 /opt/lampp/htdocs/websiteler/pruvaakademi.com/wp-content/themes/prv/vendor/illuminate/view/View.php(125): Illuminate\View\View->getContents()
#3 /opt/lampp/htdocs/websiteler/pruvaakademi.com/wp-content/themes/prv/vendor/illuminate/view/View.php(90): Illuminate\View\View->renderContents()
#4 /opt/lampp/htdocs/websiteler/pruvaakademi.com/wp-content/uploads/cache/393d8b23486f46470f946a599ce0a9bc482673

2020-03-25T13:10:31+00:00 CRITICAL /opt/lampp/htdocs/websiteler/pruvaakademi.com/wp-content/uploads/cache/d82767f71c62fcf9fbe0a3c8a2a12cd952f2923f.php dosyasında 12 numaralı satırda Uncaught Symfony\Component\Debug\Exception\FatalThrowableError: syntax error, unexpected '<' in /opt/lampp/htdocs/websiteler/pruvaakademi.com/wp-content/uploads/cache/d82767f71c62fcf9fbe0a3c8a2a12cd952f2923f.php:12
Stack trace:
#0 /opt/lampp/htdocs/websiteler/pruvaakademi.com/wp-content/themes/prv/vendor/illuminate/view/Engines/CompilerEngine.php(59): Illuminate\View\Engines\PhpEngine->evaluatePath('/opt/lampp/htdo...', Array)
#1 /opt/lampp/htdocs/websiteler/pruvaakademi.com/wp-content/themes/prv/vendor/illuminate/view/View.php(142): Illuminate\View\Engines\CompilerEngine->get('/opt/lampp/htdo...', Array)
#2 /opt/lampp/htdocs/websiteler/pruvaakademi.com/wp-content/themes/prv/vendor/illuminate/view/View.php(125): Illuminate\View\View->getContents()
#3 /opt/lampp/htdocs/websiteler/pruvaakademi.com/wp-content/themes/prv/vendor/illuminate/view/View.php(90): Illuminate\View\View->renderContents()
#4 /opt/lampp/htdocs/websiteler/pruvaakademi.com/wp-content/themes/prv/vendor/roots/sage-lib/Template/Blade.php(58): Il

2020-03-25T13:10:32+00:00 CRITICAL /opt/lampp/htdocs/websiteler/pruvaakademi.com/wp-content/uploads/cache/d82767f71c62fcf9fbe0a3c8a2a12cd952f2923f.php dosyasında 12 numaralı satırda Uncaught Symfony\Component\Debug\Exception\FatalThrowableError: syntax error, unexpected '<' in /opt/lampp/htdocs/websiteler/pruvaakademi.com/wp-content/uploads/cache/d82767f71c62fcf9fbe0a3c8a2a12cd952f2923f.php:12
Stack trace:
#0 /opt/lampp/htdocs/websiteler/pruvaakademi.com/wp-content/themes/prv/vendor/illuminate/view/Engines/CompilerEngine.php(59): Illuminate\View\Engines\PhpEngine->evaluatePath('/opt/lampp/htdo...', Array)
#1 /opt/lampp/htdocs/websiteler/pruvaakademi.com/wp-content/themes/prv/vendor/illuminate/view/View.php(142): Illuminate\View\Engines\CompilerEngine->get('/opt/lampp/htdo...', Array)
#2 /opt/lampp/htdocs/websiteler/pruvaakademi.com/wp-content/themes/prv/vendor/illuminate/view/View.php(125): Illuminate\View\View->getContents()
#3 /opt/lampp/htdocs/websiteler/pruvaakademi.com/wp-content/themes/prv/vendor/illuminate/view/View.php(90): Illuminate\View\View->renderContents()
#4 /opt/lampp/htdocs/websiteler/pruvaakademi.com/wp-content/themes/prv/vendor/roots/sage-lib/Template/Blade.php(58): Il

2020-03-25T13:11:11+00:00 CRITICAL /opt/lampp/htdocs/websiteler/pruvaakademi.com/wp-content/uploads/cache/d82767f71c62fcf9fbe0a3c8a2a12cd952f2923f.php dosyasında 12 numaralı satırda Uncaught Symfony\Component\Debug\Exception\FatalThrowableError: syntax error, unexpected '<' in /opt/lampp/htdocs/websiteler/pruvaakademi.com/wp-content/uploads/cache/d82767f71c62fcf9fbe0a3c8a2a12cd952f2923f.php:12
Stack trace:
#0 /opt/lampp/htdocs/websiteler/pruvaakademi.com/wp-content/themes/prv/vendor/illuminate/view/Engines/CompilerEngine.php(59): Illuminate\View\Engines\PhpEngine->evaluatePath('/opt/lampp/htdo...', Array)
#1 /opt/lampp/htdocs/websiteler/pruvaakademi.com/wp-content/themes/prv/vendor/illuminate/view/View.php(142): Illuminate\View\Engines\CompilerEngine->get('/opt/lampp/htdo...', Array)
#2 /opt/lampp/htdocs/websiteler/pruvaakademi.com/wp-content/themes/prv/vendor/illuminate/view/View.php(125): Illuminate\View\View->getContents()
#3 /opt/lampp/htdocs/websiteler/pruvaakademi.com/wp-content/themes/prv/vendor/illuminate/view/View.php(90): Illuminate\View\View->renderContents()
#4 /opt/lampp/htdocs/websiteler/pruvaakademi.com/wp-content/themes/prv/vendor/roots/sage-lib/Template/Blade.php(58): Il

2020-03-25T13:11:11+00:00 CRITICAL /opt/lampp/htdocs/websiteler/pruvaakademi.com/wp-content/uploads/cache/d82767f71c62fcf9fbe0a3c8a2a12cd952f2923f.php dosyasında 12 numaralı satırda Uncaught Symfony\Component\Debug\Exception\FatalThrowableError: syntax error, unexpected '<' in /opt/lampp/htdocs/websiteler/pruvaakademi.com/wp-content/uploads/cache/d82767f71c62fcf9fbe0a3c8a2a12cd952f2923f.php:12
Stack trace:
#0 /opt/lampp/htdocs/websiteler/pruvaakademi.com/wp-content/themes/prv/vendor/illuminate/view/Engines/CompilerEngine.php(59): Illuminate\View\Engines\PhpEngine->evaluatePath('/opt/lampp/htdo...', Array)
#1 /opt/lampp/htdocs/websiteler/pruvaakademi.com/wp-content/themes/prv/vendor/illuminate/view/View.php(142): Illuminate\View\Engines\CompilerEngine->get('/opt/lampp/htdo...', Array)
#2 /opt/lampp/htdocs/websiteler/pruvaakademi.com/wp-content/themes/prv/vendor/illuminate/view/View.php(125): Illuminate\View\View->getContents()
#3 /opt/lampp/htdocs/websiteler/pruvaakademi.com/wp-content/themes/prv/vendor/illuminate/view/View.php(90): Illuminate\View\View->renderContents()
#4 /opt/lampp/htdocs/websiteler/pruvaakademi.com/wp-content/themes/prv/vendor/roots/sage-lib/Template/Blade.php(58): Il

2020-03-25T13:24:50+00:00 CRITICAL /opt/lampp/htdocs/websiteler/pruvaakademi.com/wp-content/uploads/cache/ca389dd6fcc17e748754a14d6ddbf523afad0092.php dosyasında 10 numaralı satırda Uncaught Symfony\Component\Debug\Exception\FatalThrowableError: syntax error, unexpected ';', expecting ')' in /opt/lampp/htdocs/websiteler/pruvaakademi.com/wp-content/uploads/cache/ca389dd6fcc17e748754a14d6ddbf523afad0092.php:10
Stack trace:
#0 /opt/lampp/htdocs/websiteler/pruvaakademi.com/wp-content/themes/prv/vendor/illuminate/view/Engines/CompilerEngine.php(59): Illuminate\View\Engines\PhpEngine->evaluatePath('/opt/lampp/htdo...', Array)
#1 /opt/lampp/htdocs/websiteler/pruvaakademi.com/wp-content/themes/prv/vendor/illuminate/view/View.php(142): Illuminate\View\Engines\CompilerEngine->get('/opt/lampp/htdo...', Array)
#2 /opt/lampp/htdocs/websiteler/pruvaakademi.com/wp-content/themes/prv/vendor/illuminate/view/View.php(125): Illuminate\View\View->getContents()
#3 /opt/lampp/htdocs/websiteler/pruvaakademi.com/wp-content/themes/prv/vendor/illuminate/view/View.php(90): Illuminate\View\View->renderContents()
#4 /opt/lampp/htdocs/websiteler/pruvaakademi.com/wp-content/themes/prv/vendor/roots/sage-lib/Template/Bl

2020-03-25T13:24:57+00:00 CRITICAL /opt/lampp/htdocs/websiteler/pruvaakademi.com/wp-content/uploads/cache/ca389dd6fcc17e748754a14d6ddbf523afad0092.php dosyasında 10 numaralı satırda Uncaught Symfony\Component\Debug\Exception\FatalThrowableError: syntax error, unexpected ';', expecting ')' in /opt/lampp/htdocs/websiteler/pruvaakademi.com/wp-content/uploads/cache/ca389dd6fcc17e748754a14d6ddbf523afad0092.php:10
Stack trace:
#0 /opt/lampp/htdocs/websiteler/pruvaakademi.com/wp-content/themes/prv/vendor/illuminate/view/Engines/CompilerEngine.php(59): Illuminate\View\Engines\PhpEngine->evaluatePath('/opt/lampp/htdo...', Array)
#1 /opt/lampp/htdocs/websiteler/pruvaakademi.com/wp-content/themes/prv/vendor/illuminate/view/View.php(142): Illuminate\View\Engines\CompilerEngine->get('/opt/lampp/htdo...', Array)
#2 /opt/lampp/htdocs/websiteler/pruvaakademi.com/wp-content/themes/prv/vendor/illuminate/view/View.php(125): Illuminate\View\View->getContents()
#3 /opt/lampp/htdocs/websiteler/pruvaakademi.com/wp-content/themes/prv/vendor/illuminate/view/View.php(90): Illuminate\View\View->renderContents()
#4 /opt/lampp/htdocs/websiteler/pruvaakademi.com/wp-content/themes/prv/vendor/roots/sage-lib/Template/Bl

2020-03-25T13:24:57+00:00 CRITICAL /opt/lampp/htdocs/websiteler/pruvaakademi.com/wp-content/uploads/cache/ca389dd6fcc17e748754a14d6ddbf523afad0092.php dosyasında 10 numaralı satırda Uncaught Symfony\Component\Debug\Exception\FatalThrowableError: syntax error, unexpected ';', expecting ')' in /opt/lampp/htdocs/websiteler/pruvaakademi.com/wp-content/uploads/cache/ca389dd6fcc17e748754a14d6ddbf523afad0092.php:10
Stack trace:
#0 /opt/lampp/htdocs/websiteler/pruvaakademi.com/wp-content/themes/prv/vendor/illuminate/view/Engines/CompilerEngine.php(59): Illuminate\View\Engines\PhpEngine->evaluatePath('/opt/lampp/htdo...', Array)
#1 /opt/lampp/htdocs/websiteler/pruvaakademi.com/wp-content/themes/prv/vendor/illuminate/view/View.php(142): Illuminate\View\Engines\CompilerEngine->get('/opt/lampp/htdo...', Array)
#2 /opt/lampp/htdocs/websiteler/pruvaakademi.com/wp-content/themes/prv/vendor/illuminate/view/View.php(125): Illuminate\View\View->getContents()
#3 /opt/lampp/htdocs/websiteler/pruvaakademi.com/wp-content/themes/prv/vendor/illuminate/view/View.php(90): Illuminate\View\View->renderContents()
#4 /opt/lampp/htdocs/websiteler/pruvaakademi.com/wp-content/themes/prv/vendor/roots/sage-lib/Template/Bl

2020-03-25T13:27:38+00:00 CRITICAL /opt/lampp/htdocs/websiteler/pruvaakademi.com/wp-content/uploads/cache/ca389dd6fcc17e748754a14d6ddbf523afad0092.php dosyasında 9 numaralı satırda Uncaught Symfony\Component\Debug\Exception\FatalThrowableError: syntax error, unexpected '<' in /opt/lampp/htdocs/websiteler/pruvaakademi.com/wp-content/uploads/cache/ca389dd6fcc17e748754a14d6ddbf523afad0092.php:9
Stack trace:
#0 /opt/lampp/htdocs/websiteler/pruvaakademi.com/wp-content/themes/prv/vendor/illuminate/view/Engines/CompilerEngine.php(59): Illuminate\View\Engines\PhpEngine->evaluatePath('/opt/lampp/htdo...', Array)
#1 /opt/lampp/htdocs/websiteler/pruvaakademi.com/wp-content/themes/prv/vendor/illuminate/view/View.php(142): Illuminate\View\Engines\CompilerEngine->get('/opt/lampp/htdo...', Array)
#2 /opt/lampp/htdocs/websiteler/pruvaakademi.com/wp-content/themes/prv/vendor/illuminate/view/View.php(125): Illuminate\View\View->getContents()
#3 /opt/lampp/htdocs/websiteler/pruvaakademi.com/wp-content/themes/prv/vendor/illuminate/view/View.php(90): Illuminate\View\View->renderContents()
#4 /opt/lampp/htdocs/websiteler/pruvaakademi.com/wp-content/themes/prv/vendor/roots/sage-lib/Template/Blade.php(58): Ill

2020-03-25T13:27:43+00:00 CRITICAL /opt/lampp/htdocs/websiteler/pruvaakademi.com/wp-content/uploads/cache/ca389dd6fcc17e748754a14d6ddbf523afad0092.php dosyasında 9 numaralı satırda Uncaught Symfony\Component\Debug\Exception\FatalThrowableError: syntax error, unexpected '<' in /opt/lampp/htdocs/websiteler/pruvaakademi.com/wp-content/uploads/cache/ca389dd6fcc17e748754a14d6ddbf523afad0092.php:9
Stack trace:
#0 /opt/lampp/htdocs/websiteler/pruvaakademi.com/wp-content/themes/prv/vendor/illuminate/view/Engines/CompilerEngine.php(59): Illuminate\View\Engines\PhpEngine->evaluatePath('/opt/lampp/htdo...', Array)
#1 /opt/lampp/htdocs/websiteler/pruvaakademi.com/wp-content/themes/prv/vendor/illuminate/view/View.php(142): Illuminate\View\Engines\CompilerEngine->get('/opt/lampp/htdo...', Array)
#2 /opt/lampp/htdocs/websiteler/pruvaakademi.com/wp-content/themes/prv/vendor/illuminate/view/View.php(125): Illuminate\View\View->getContents()
#3 /opt/lampp/htdocs/websiteler/pruvaakademi.com/wp-content/themes/prv/vendor/illuminate/view/View.php(90): Illuminate\View\View->renderContents()
#4 /opt/lampp/htdocs/websiteler/pruvaakademi.com/wp-content/themes/prv/vendor/roots/sage-lib/Template/Blade.php(58): Ill

2020-03-25T13:27:43+00:00 CRITICAL /opt/lampp/htdocs/websiteler/pruvaakademi.com/wp-content/uploads/cache/ca389dd6fcc17e748754a14d6ddbf523afad0092.php dosyasında 9 numaralı satırda Uncaught Symfony\Component\Debug\Exception\FatalThrowableError: syntax error, unexpected '<' in /opt/lampp/htdocs/websiteler/pruvaakademi.com/wp-content/uploads/cache/ca389dd6fcc17e748754a14d6ddbf523afad0092.php:9
Stack trace:
#0 /opt/lampp/htdocs/websiteler/pruvaakademi.com/wp-content/themes/prv/vendor/illuminate/view/Engines/CompilerEngine.php(59): Illuminate\View\Engines\PhpEngine->evaluatePath('/opt/lampp/htdo...', Array)
#1 /opt/lampp/htdocs/websiteler/pruvaakademi.com/wp-content/themes/prv/vendor/illuminate/view/View.php(142): Illuminate\View\Engines\CompilerEngine->get('/opt/lampp/htdo...', Array)
#2 /opt/lampp/htdocs/websiteler/pruvaakademi.com/wp-content/themes/prv/vendor/illuminate/view/View.php(125): Illuminate\View\View->getContents()
#3 /opt/lampp/htdocs/websiteler/pruvaakademi.com/wp-content/themes/prv/vendor/illuminate/view/View.php(90): Illuminate\View\View->renderContents()
#4 /opt/lampp/htdocs/websiteler/pruvaakademi.com/wp-content/themes/prv/vendor/roots/sage-lib/Template/Blade.php(58): Ill

2020-03-25T13:28:23+00:00 CRITICAL /opt/lampp/htdocs/websiteler/pruvaakademi.com/wp-content/uploads/cache/ca389dd6fcc17e748754a14d6ddbf523afad0092.php dosyasında 9 numaralı satırda Uncaught Symfony\Component\Debug\Exception\FatalThrowableError: syntax error, unexpected '<' in /opt/lampp/htdocs/websiteler/pruvaakademi.com/wp-content/uploads/cache/ca389dd6fcc17e748754a14d6ddbf523afad0092.php:9
Stack trace:
#0 /opt/lampp/htdocs/websiteler/pruvaakademi.com/wp-content/themes/prv/vendor/illuminate/view/Engines/CompilerEngine.php(59): Illuminate\View\Engines\PhpEngine->evaluatePath('/opt/lampp/htdo...', Array)
#1 /opt/lampp/htdocs/websiteler/pruvaakademi.com/wp-content/themes/prv/vendor/illuminate/view/View.php(142): Illuminate\View\Engines\CompilerEngine->get('/opt/lampp/htdo...', Array)
#2 /opt/lampp/htdocs/websiteler/pruvaakademi.com/wp-content/themes/prv/vendor/illuminate/view/View.php(125): Illuminate\View\View->getContents()
#3 /opt/lampp/htdocs/websiteler/pruvaakademi.com/wp-content/themes/prv/vendor/illuminate/view/View.php(90): Illuminate\View\View->renderContents()
#4 /opt/lampp/htdocs/websiteler/pruvaakademi.com/wp-content/themes/prv/vendor/roots/sage-lib/Template/Blade.php(58): Ill

2020-03-25T13:40:37+00:00 CRITICAL /opt/lampp/htdocs/websiteler/pruvaakademi.com/wp-content/themes/prv/app/filters.php dosyasında 113 numaralı satırda syntax error, unexpected 'echo' (T_ECHO), expecting ';'

2020-03-25T13:40:43+00:00 CRITICAL /opt/lampp/htdocs/websiteler/pruvaakademi.com/wp-content/themes/prv/app/filters.php dosyasında 113 numaralı satırda syntax error, unexpected 'echo' (T_ECHO), expecting ';'

2020-03-25T13:40:43+00:00 CRITICAL /opt/lampp/htdocs/websiteler/pruvaakademi.com/wp-content/themes/prv/app/filters.php dosyasında 113 numaralı satırda syntax error, unexpected 'echo' (T_ECHO), expecting ';'

2020-03-25T13:40:53+00:00 CRITICAL /opt/lampp/htdocs/websiteler/pruvaakademi.com/wp-includes/pomo/translations.php dosyasında 100 numaralı satırda Allowed memory size of 134217728 bytes exhausted (tried to allocate 20480 bytes)

2020-03-25T13:42:14+00:00 CRITICAL /opt/lampp/htdocs/websiteler/pruvaakademi.com/wp-content/themes/prv/app/filters.php dosyasında 113 numaralı satırda syntax error, unexpected '__' (T_STRING), expecting ';'

2020-03-25T13:42:15+00:00 CRITICAL /opt/lampp/htdocs/websiteler/pruvaakademi.com/wp-content/themes/prv/app/filters.php dosyasında 113 numaralı satırda syntax error, unexpected '__' (T_STRING), expecting ';'

2020-03-25T13:44:42+00:00 CRITICAL /opt/lampp/htdocs/websiteler/pruvaakademi.com/wp-content/themes/prv/app/filters.php dosyasında 114 numaralı satırda syntax error, unexpected 'add_filter' (T_STRING)

2020-03-25T13:44:46+00:00 CRITICAL /opt/lampp/htdocs/websiteler/pruvaakademi.com/wp-content/themes/prv/app/filters.php dosyasında 114 numaralı satırda syntax error, unexpected 'add_filter' (T_STRING)

2020-03-25T13:44:47+00:00 CRITICAL /opt/lampp/htdocs/websiteler/pruvaakademi.com/wp-content/themes/prv/app/filters.php dosyasında 114 numaralı satırda syntax error, unexpected 'add_filter' (T_STRING)

2020-03-25T13:44:54+00:00 CRITICAL /opt/lampp/htdocs/websiteler/pruvaakademi.com/wp-includes/plugin.php dosyasında 276 numaralı satırda Uncaught ArgumentCountError: Too few arguments to function remove_filter(), 1 passed in /opt/lampp/htdocs/websiteler/pruvaakademi.com/wp-content/themes/prv/app/filters.php on line 112 and at least 2 expected in /opt/lampp/htdocs/websiteler/pruvaakademi.com/wp-includes/plugin.php:276
Stack trace:
#0 /opt/lampp/htdocs/websiteler/pruvaakademi.com/wp-content/themes/prv/app/filters.php(112): remove_filter('wc_empty_cart_m...')
#1 /opt/lampp/htdocs/websiteler/pruvaakademi.com/wp-includes/template.php(722): require_once('/opt/lampp/htdo...')
#2 /opt/lampp/htdocs/websiteler/pruvaakademi.com/wp-includes/template.php(671): load_template('/opt/lampp/htdo...', true)
#3 /opt/lampp/htdocs/websiteler/pruvaakademi.com/wp-content/themes/prv/resources/functions.php(58): locate_template('../app/filters....', true, true)
#4 [internal function]: {closure}('../app/filters....')
#5 /opt/lampp/htdocs/websiteler/pruvaakademi.com/wp-content/themes/prv/resources/functions.php(61): array_map(Object(Closure), Array)
#6 /opt/lampp/htdocs/

2020-03-25T13:44:56+00:00 CRITICAL /opt/lampp/htdocs/websiteler/pruvaakademi.com/wp-includes/plugin.php dosyasında 276 numaralı satırda Uncaught ArgumentCountError: Too few arguments to function remove_filter(), 1 passed in /opt/lampp/htdocs/websiteler/pruvaakademi.com/wp-content/themes/prv/app/filters.php on line 112 and at least 2 expected in /opt/lampp/htdocs/websiteler/pruvaakademi.com/wp-includes/plugin.php:276
Stack trace:
#0 /opt/lampp/htdocs/websiteler/pruvaakademi.com/wp-content/themes/prv/app/filters.php(112): remove_filter('wc_empty_cart_m...')
#1 /opt/lampp/htdocs/websiteler/pruvaakademi.com/wp-includes/template.php(722): require_once('/opt/lampp/htdo...')
#2 /opt/lampp/htdocs/websiteler/pruvaakademi.com/wp-includes/template.php(671): load_template('/opt/lampp/htdo...', true)
#3 /opt/lampp/htdocs/websiteler/pruvaakademi.com/wp-content/themes/prv/resources/functions.php(58): locate_template('../app/filters....', true, true)
#4 [internal function]: {closure}('../app/filters....')
#5 /opt/lampp/htdocs/websiteler/pruvaakademi.com/wp-content/themes/prv/resources/functions.php(61): array_map(Object(Closure), Array)
#6 /opt/lampp/htdocs/

2020-03-25T13:44:58+00:00 CRITICAL /opt/lampp/htdocs/websiteler/pruvaakademi.com/wp-includes/plugin.php dosyasında 276 numaralı satırda Uncaught ArgumentCountError: Too few arguments to function remove_filter(), 1 passed in /opt/lampp/htdocs/websiteler/pruvaakademi.com/wp-content/themes/prv/app/filters.php on line 112 and at least 2 expected in /opt/lampp/htdocs/websiteler/pruvaakademi.com/wp-includes/plugin.php:276
Stack trace:
#0 /opt/lampp/htdocs/websiteler/pruvaakademi.com/wp-content/themes/prv/app/filters.php(112): remove_filter('wc_empty_cart_m...')
#1 /opt/lampp/htdocs/websiteler/pruvaakademi.com/wp-includes/template.php(722): require_once('/opt/lampp/htdo...')
#2 /opt/lampp/htdocs/websiteler/pruvaakademi.com/wp-includes/template.php(671): load_template('/opt/lampp/htdo...', true)
#3 /opt/lampp/htdocs/websiteler/pruvaakademi.com/wp-content/themes/prv/resources/functions.php(58): locate_template('../app/filters....', true, true)
#4 [internal function]: {closure}('../app/filters....')
#5 /opt/lampp/htdocs/websiteler/pruvaakademi.com/wp-content/themes/prv/resources/functions.php(61): array_map(Object(Closure), Array)
#6 /opt/lampp/htdocs/

2020-03-25T13:44:59+00:00 CRITICAL /opt/lampp/htdocs/websiteler/pruvaakademi.com/wp-includes/plugin.php dosyasında 276 numaralı satırda Uncaught ArgumentCountError: Too few arguments to function remove_filter(), 1 passed in /opt/lampp/htdocs/websiteler/pruvaakademi.com/wp-content/themes/prv/app/filters.php on line 112 and at least 2 expected in /opt/lampp/htdocs/websiteler/pruvaakademi.com/wp-includes/plugin.php:276
Stack trace:
#0 /opt/lampp/htdocs/websiteler/pruvaakademi.com/wp-content/themes/prv/app/filters.php(112): remove_filter('wc_empty_cart_m...')
#1 /opt/lampp/htdocs/websiteler/pruvaakademi.com/wp-includes/template.php(722): require_once('/opt/lampp/htdo...')
#2 /opt/lampp/htdocs/websiteler/pruvaakademi.com/wp-includes/template.php(671): load_template('/opt/lampp/htdo...', true)
#3 /opt/lampp/htdocs/websiteler/pruvaakademi.com/wp-content/themes/prv/resources/functions.php(58): locate_template('../app/filters....', true, true)
#4 [internal function]: {closure}('../app/filters....')
#5 /opt/lampp/htdocs/websiteler/pruvaakademi.com/wp-content/themes/prv/resources/functions.php(61): array_map(Object(Closure), Array)
#6 /opt/lampp/htdocs/

2020-03-25T13:47:15+00:00 CRITICAL /opt/lampp/htdocs/websiteler/pruvaakademi.com/wp-includes/plugin.php dosyasında 276 numaralı satırda Uncaught ArgumentCountError: Too few arguments to function remove_filter(), 1 passed in /opt/lampp/htdocs/websiteler/pruvaakademi.com/wp-content/themes/prv/app/filters.php on line 113 and at least 2 expected in /opt/lampp/htdocs/websiteler/pruvaakademi.com/wp-includes/plugin.php:276
Stack trace:
#0 /opt/lampp/htdocs/websiteler/pruvaakademi.com/wp-content/themes/prv/app/filters.php(113): remove_filter('wc_empty_cart_m...')
#1 /opt/lampp/htdocs/websiteler/pruvaakademi.com/wp-includes/template.php(722): require_once('/opt/lampp/htdo...')
#2 /opt/lampp/htdocs/websiteler/pruvaakademi.com/wp-includes/template.php(671): load_template('/opt/lampp/htdo...', true)
#3 /opt/lampp/htdocs/websiteler/pruvaakademi.com/wp-content/themes/prv/resources/functions.php(58): locate_template('../app/filters....', true, true)
#4 [internal function]: {closure}('../app/filters....')
#5 /opt/lampp/htdocs/websiteler/pruvaakademi.com/wp-content/themes/prv/resources/functions.php(61): array_map(Object(Closure), Array)
#6 /opt/lampp/htdocs/

2020-03-25T13:47:21+00:00 CRITICAL /opt/lampp/htdocs/websiteler/pruvaakademi.com/wp-includes/plugin.php dosyasında 276 numaralı satırda Uncaught ArgumentCountError: Too few arguments to function remove_filter(), 1 passed in /opt/lampp/htdocs/websiteler/pruvaakademi.com/wp-content/themes/prv/app/filters.php on line 113 and at least 2 expected in /opt/lampp/htdocs/websiteler/pruvaakademi.com/wp-includes/plugin.php:276
Stack trace:
#0 /opt/lampp/htdocs/websiteler/pruvaakademi.com/wp-content/themes/prv/app/filters.php(113): remove_filter('wc_empty_cart_m...')
#1 /opt/lampp/htdocs/websiteler/pruvaakademi.com/wp-includes/template.php(722): require_once('/opt/lampp/htdo...')
#2 /opt/lampp/htdocs/websiteler/pruvaakademi.com/wp-includes/template.php(671): load_template('/opt/lampp/htdo...', true)
#3 /opt/lampp/htdocs/websiteler/pruvaakademi.com/wp-content/themes/prv/resources/functions.php(58): locate_template('../app/filters....', true, true)
#4 [internal function]: {closure}('../app/filters....')
#5 /opt/lampp/htdocs/websiteler/pruvaakademi.com/wp-content/themes/prv/resources/functions.php(61): array_map(Object(Closure), Array)
#6 /opt/lampp/htdocs/

2020-03-25T13:47:22+00:00 CRITICAL /opt/lampp/htdocs/websiteler/pruvaakademi.com/wp-includes/plugin.php dosyasında 276 numaralı satırda Uncaught ArgumentCountError: Too few arguments to function remove_filter(), 1 passed in /opt/lampp/htdocs/websiteler/pruvaakademi.com/wp-content/themes/prv/app/filters.php on line 113 and at least 2 expected in /opt/lampp/htdocs/websiteler/pruvaakademi.com/wp-includes/plugin.php:276
Stack trace:
#0 /opt/lampp/htdocs/websiteler/pruvaakademi.com/wp-content/themes/prv/app/filters.php(113): remove_filter('wc_empty_cart_m...')
#1 /opt/lampp/htdocs/websiteler/pruvaakademi.com/wp-includes/template.php(722): require_once('/opt/lampp/htdo...')
#2 /opt/lampp/htdocs/websiteler/pruvaakademi.com/wp-includes/template.php(671): load_template('/opt/lampp/htdo...', true)
#3 /opt/lampp/htdocs/websiteler/pruvaakademi.com/wp-content/themes/prv/resources/functions.php(58): locate_template('../app/filters....', true, true)
#4 [internal function]: {closure}('../app/filters....')
#5 /opt/lampp/htdocs/websiteler/pruvaakademi.com/wp-content/themes/prv/resources/functions.php(61): array_map(Object(Closure), Array)
#6 /opt/lampp/htdocs/

2020-03-25T13:51:25+00:00 CRITICAL /opt/lampp/htdocs/websiteler/pruvaakademi.com/wp-content/themes/prv/app/filters.php dosyasında 118 numaralı satırda syntax error, unexpected '}', expecting end of file

2020-03-25T13:52:23+00:00 CRITICAL /opt/lampp/htdocs/websiteler/pruvaakademi.com/wp-content/themes/prv/app/filters.php dosyasında 116 numaralı satırda syntax error, unexpected 'dsadsa' (T_STRING), expecting ',' or ';'

